<?xml version="1.0" encoding="UTF-8"?>
<!-- Generated by org.testng.reporters.JUnitReportReporter -->
<testsuite hostname="DESKTOP-4V85ID0" failures="0" tests="2" name="TestNG_Day1.Class1" time="0.045" errors="0" timestamp="2023-09-05T20:02:59 IST" skipped="0">
  <testcase classname="TestNG_Day1.Class1" name="abc" time="0.005"/>
  <testcase classname="TestNG_Day1.Class1" name="abc" time="0.040"/>
</testsuite> <!-- TestNG_Day1.Class1 -->
