<?xml version="1.0" encoding="UTF-8"?>
<!-- Generated by org.testng.reporters.JUnitReportReporter -->
<testsuite hostname="DESKTOP-4V85ID0" failures="0" tests="2" name="TestNG_Day1.invocationCountDown" time="0.093" errors="0" timestamp="2023-09-08T19:34:41 IST" skipped="0">
  <testcase classname="TestNG_Day1.invocationCountDown" name="test" time="0.005"/>
  <testcase classname="TestNG_Day1.invocationCountDown" name="test" time="0.088"/>
</testsuite> <!-- TestNG_Day1.invocationCountDown -->
