<?xml version="1.0" encoding="UTF-8"?>
<!-- Generated by org.testng.reporters.JUnitReportReporter -->
<testsuite hostname="DESKTOP-4V85ID0" failures="0" tests="1" name="TestNG.Annotation_demo" time="0.015" errors="0" timestamp="2023-09-01T20:28:42 IST" skipped="0">
  <testcase classname="TestNG.Annotation_demo" name="Search" time="0.015"/>
</testsuite> <!-- TestNG.Annotation_demo -->
