<?xml version="1.0" encoding="UTF-8"?>
<!-- Generated by org.testng.reporters.JUnitReportReporter -->
<testsuite hostname="DESKTOP-4V85ID0" failures="0" tests="1" name="TestNG_Day1.All_Annotations" time="0.018" errors="0" timestamp="2023-09-05T20:27:47 IST" skipped="0">
  <testcase classname="TestNG_Day1.All_Annotations" name="advancedseach" time="0.018"/>
</testsuite> <!-- TestNG_Day1.All_Annotations -->
