<?xml version="1.0" encoding="UTF-8"?>
<!-- Generated by org.testng.reporters.JUnitReportReporter -->
<testsuite hostname="DESKTOP-4V85ID0" failures="0" tests="2" name="TestNG_Day1.Class2" time="0.012" errors="0" timestamp="2023-09-05T20:02:59 IST" skipped="0">
  <testcase classname="TestNG_Day1.Class2" name="xyz" time="0.007"/>
  <testcase classname="TestNG_Day1.Class2" name="xyz" time="0.005"/>
</testsuite> <!-- TestNG_Day1.Class2 -->
