<?xml version="1.0" encoding="UTF-8"?>
<!-- Generated by org.testng.reporters.JUnitReportReporter -->
<testsuite hostname="DESKTOP-4V85ID0" failures="0" tests="1" name="TestNG_Day1.Assertion_demo" time="0.144" errors="0" timestamp="2023-09-06T19:36:13 IST" skipped="0">
  <testcase classname="TestNG_Day1.Assertion_demo" name="test" time="0.144"/>
</testsuite> <!-- TestNG_Day1.Assertion_demo -->
