<?xml version="1.0" encoding="UTF-8"?>
<!-- Generated by org.testng.reporters.JUnitReportReporter -->
<testsuite hostname="DESKTOP-4V85ID0" failures="0" tests="3" name="TestNG.FirstTest" time="0.031" errors="0" timestamp="2023-09-01T20:42:48 IST" skipped="0">
  <testcase classname="TestNG.FirstTest" name="Login" time="0.025"/>
  <testcase classname="TestNG.FirstTest" name="Search" time="0.003"/>
  <testcase classname="TestNG.FirstTest" name="Logout" time="0.003"/>
</testsuite> <!-- TestNG.FirstTest -->
