<?xml version="1.0" encoding="UTF-8"?>
<!-- Generated by org.testng.reporters.JUnitReportReporter -->
<testsuite hostname="DESKTOP-4V85ID0" failures="0" tests="3" name="TestNG.FirstTest" time="0.011" errors="0" timestamp="2023-09-14T20:27:36 IST" skipped="0">
  <testcase classname="TestNG.FirstTest" name="Login" time="0.002"/>
  <testcase classname="TestNG.FirstTest" name="Search" time="0.007"/>
  <testcase classname="TestNG.FirstTest" name="Logout" time="0.002"/>
</testsuite> <!-- TestNG.FirstTest -->
