<?xml version="1.0" encoding="UTF-8"?>
<!-- Generated by org.testng.reporters.JUnitReportReporter -->
<testsuite hostname="DESKTOP-4V85ID0" failures="0" tests="3" name="TestNG.SecondTest" time="202.067" errors="0" timestamp="2023-09-14T20:27:36 IST" skipped="0">
  <testcase classname="TestNG.SecondTest" name="openapp" time="157.961"/>
  <testcase classname="TestNG.SecondTest" name="login" time="34.500"/>
  <testcase classname="TestNG.SecondTest" name="close" time="9.606"/>
</testsuite> <!-- TestNG.SecondTest -->
